D:\PEEFLY\DIGITAL MESH\OPENGL_COURSE1\OPENGL_COURSE1\RELEASE\.NETFRAMEWORK,VERSION=V4.0.ASSEMBLYATTRIBUTES.OBJ
D:\PEEFLY\DIGITAL MESH\OPENGL_COURSE1\OPENGL_COURSE1\RELEASE\APP.RES
D:\PEEFLY\DIGITAL MESH\OPENGL_COURSE1\OPENGL_COURSE1\RELEASE\ASSEMBLYINFO.OBJ
D:\Peefly\Digital Mesh\OpenGL_Course1\OpenGL_Course1\Release\cl.command.1.tlog
D:\Peefly\Digital Mesh\OpenGL_Course1\OpenGL_Course1\Release\CL.read.1.tlog
D:\Peefly\Digital Mesh\OpenGL_Course1\OpenGL_Course1\Release\CL.write.1.tlog
D:\PEEFLY\DIGITAL MESH\OPENGL_COURSE1\OPENGL_COURSE1\RELEASE\DOTNETUITILITIES.OBJ
D:\Peefly\Digital Mesh\OpenGL_Course1\OpenGL_Course1\Release\GenerateResource.read.1.tlog
D:\Peefly\Digital Mesh\OpenGL_Course1\OpenGL_Course1\Release\GenerateResource.write.1.tlog
D:\PEEFLY\DIGITAL MESH\OPENGL_COURSE1\OPENGL_COURSE1\RELEASE\GLCAMERA.OBJ
D:\PEEFLY\DIGITAL MESH\OPENGL_COURSE1\OPENGL_COURSE1\RELEASE\GUA_OM.OBJ
D:\Peefly\Digital Mesh\OpenGL_Course1\OpenGL_Course1\Release\link.command.1.tlog
D:\Peefly\Digital Mesh\OpenGL_Course1\OpenGL_Course1\Release\link.read.1.tlog
D:\Peefly\Digital Mesh\OpenGL_Course1\OpenGL_Course1\Release\link.write.1.tlog
D:\Peefly\Digital Mesh\OpenGL_Course1\OpenGL_Course1\Release\link-cvtres.read.1.tlog
D:\Peefly\Digital Mesh\OpenGL_Course1\OpenGL_Course1\Release\link-cvtres.write.1.tlog
D:\Peefly\Digital Mesh\OpenGL_Course1\OpenGL_Course1\Release\mt.command.1.tlog
D:\Peefly\Digital Mesh\OpenGL_Course1\OpenGL_Course1\Release\mt.read.1.tlog
D:\Peefly\Digital Mesh\OpenGL_Course1\OpenGL_Course1\Release\mt.write.1.tlog
D:\Peefly\Digital Mesh\OpenGL_Course1\OpenGL_Course1\Release\OpenGL_Course1.exe.intermediate.manifest
D:\PEEFLY\DIGITAL MESH\OPENGL_COURSE1\OPENGL_COURSE1\RELEASE\OPENGL_COURSE1.FORM1.RESOURCES
D:\PEEFLY\DIGITAL MESH\OPENGL_COURSE1\OPENGL_COURSE1\RELEASE\OPENGL_COURSE1.OBJ
D:\PEEFLY\DIGITAL MESH\OPENGL_COURSE1\OPENGL_COURSE1\RELEASE\OPENGL_COURSE1.PCH
D:\Peefly\Digital Mesh\OpenGL_Course1\OpenGL_Course1\Release\OpenGL_Course1.write.1.tlog
D:\Peefly\Digital Mesh\OpenGL_Course1\OpenGL_Course1\Release\rc.command.1.tlog
D:\Peefly\Digital Mesh\OpenGL_Course1\OpenGL_Course1\Release\rc.read.1.tlog
D:\Peefly\Digital Mesh\OpenGL_Course1\OpenGL_Course1\Release\rc.write.1.tlog
D:\PEEFLY\DIGITAL MESH\OPENGL_COURSE1\OPENGL_COURSE1\RELEASE\STDAFX.OBJ
D:\PEEFLY\DIGITAL MESH\OPENGL_COURSE1\OPENGL_COURSE1\RELEASE\VC100.PDB
D:\Peefly\Digital Mesh\OpenGL_Course1\Release\HKOGLPanel.dll
D:\PEEFLY\DIGITAL MESH\OPENGL_COURSE1\RELEASE\OPENGL_COURSE1.EXE
D:\Peefly\Digital Mesh\OpenGL_Course1\Release\OpenGL_Course1.pdb
