C:\Users\zcer\Desktop\OpenGL_Course1\Debug\DevComponents.DotNetBar2.dll
C:\Users\zcer\Desktop\OpenGL_Course1\Debug\DevComponents.DotNetBar2.xml
C:\Working_PRJ\OpenGL_Course1\Debug\HKOGLPanel.dll
C:\WORKING_PRJ\OPENGL_COURSE1\DEBUG\OPENGL_COURSE1.EXE
C:\WORKING_PRJ\OPENGL_COURSE1\DEBUG\OPENGL_COURSE1.ILK
C:\WORKING_PRJ\OPENGL_COURSE1\DEBUG\OPENGL_COURSE1.PDB
C:\WORKING_PRJ\OPENGL_COURSE1\OPENGL_COURSE1\DEBUG\.NETFRAMEWORK,VERSION=V4.0.ASSEMBLYATTRIBUTES.OBJ
C:\WORKING_PRJ\OPENGL_COURSE1\OPENGL_COURSE1\DEBUG\APP.RES
C:\WORKING_PRJ\OPENGL_COURSE1\OPENGL_COURSE1\DEBUG\ASSEMBLYINFO.OBJ
C:\WORKING_PRJ\OPENGL_COURSE1\OPENGL_COURSE1\DEBUG\OPENGL_COURSE1.EXE.INTERMEDIATE.MANIFEST
C:\WORKING_PRJ\OPENGL_COURSE1\OPENGL_COURSE1\DEBUG\OPENGL_COURSE1.FORM1.RESOURCES
C:\WORKING_PRJ\OPENGL_COURSE1\OPENGL_COURSE1\DEBUG\OPENGL_COURSE1.OBJ
C:\WORKING_PRJ\OPENGL_COURSE1\OPENGL_COURSE1\DEBUG\OPENGL_COURSE1.PCH
C:\WORKING_PRJ\OPENGL_COURSE1\OPENGL_COURSE1\DEBUG\STDAFX.OBJ
C:\WORKING_PRJ\OPENGL_COURSE1\OPENGL_COURSE1\DEBUG\VC100.PDB
D:\Peefly\Digital Mesh\OpenGL_Course1\Debug\HKOGLPanel.dll
D:\Peefly\Digital Mesh\OpenGL_Course1\Debug\OpenGL_Course1.ilk
D:\Peefly\Digital Mesh\OpenGL_Course1\Debug\OpenGL_Course1.pdb
D:\PEEFLY\DIGITAL MESH\OPENGL_COURSE1\OPENGL_COURSE1\DEBUG\.NETFRAMEWORK,VERSION=V4.0.ASSEMBLYATTRIBUTES.OBJ
D:\PEEFLY\DIGITAL MESH\OPENGL_COURSE1\OPENGL_COURSE1\DEBUG\APP.RES
D:\PEEFLY\DIGITAL MESH\OPENGL_COURSE1\OPENGL_COURSE1\DEBUG\ASSEMBLYINFO.OBJ
D:\Peefly\Digital Mesh\OpenGL_Course1\OpenGL_Course1\Debug\cl.command.1.tlog
D:\Peefly\Digital Mesh\OpenGL_Course1\OpenGL_Course1\Debug\CL.read.1.tlog
D:\Peefly\Digital Mesh\OpenGL_Course1\OpenGL_Course1\Debug\CL.write.1.tlog
D:\PEEFLY\DIGITAL MESH\OPENGL_COURSE1\OPENGL_COURSE1\DEBUG\DOTNETUITILITIES.OBJ
D:\Peefly\Digital Mesh\OpenGL_Course1\OpenGL_Course1\Debug\GenerateResource.read.314.tlog
D:\Peefly\Digital Mesh\OpenGL_Course1\OpenGL_Course1\Debug\GenerateResource.read.322.tlog
D:\Peefly\Digital Mesh\OpenGL_Course1\OpenGL_Course1\Debug\GenerateResource.read.331.tlog
D:\Peefly\Digital Mesh\OpenGL_Course1\OpenGL_Course1\Debug\GenerateResource.read.97.tlog
D:\Peefly\Digital Mesh\OpenGL_Course1\OpenGL_Course1\Debug\GenerateResource.write.314.tlog
D:\Peefly\Digital Mesh\OpenGL_Course1\OpenGL_Course1\Debug\GenerateResource.write.322.tlog
D:\Peefly\Digital Mesh\OpenGL_Course1\OpenGL_Course1\Debug\GenerateResource.write.331.tlog
D:\Peefly\Digital Mesh\OpenGL_Course1\OpenGL_Course1\Debug\GenerateResource.write.97.tlog
D:\PEEFLY\DIGITAL MESH\OPENGL_COURSE1\OPENGL_COURSE1\DEBUG\GLCAMERA.OBJ
D:\PEEFLY\DIGITAL MESH\OPENGL_COURSE1\OPENGL_COURSE1\DEBUG\GUA_OM.OBJ
D:\Peefly\Digital Mesh\OpenGL_Course1\OpenGL_Course1\Debug\link.3008.read.1.tlog
D:\Peefly\Digital Mesh\OpenGL_Course1\OpenGL_Course1\Debug\link.3008.write.1.tlog
D:\Peefly\Digital Mesh\OpenGL_Course1\OpenGL_Course1\Debug\link.3008-cvtres.read.1.tlog
D:\Peefly\Digital Mesh\OpenGL_Course1\OpenGL_Course1\Debug\link.3008-cvtres.write.1.tlog
D:\Peefly\Digital Mesh\OpenGL_Course1\OpenGL_Course1\Debug\link.4424.read.1.tlog
D:\Peefly\Digital Mesh\OpenGL_Course1\OpenGL_Course1\Debug\link.4424.write.1.tlog
D:\Peefly\Digital Mesh\OpenGL_Course1\OpenGL_Course1\Debug\link.4424-cvtres.read.1.tlog
D:\Peefly\Digital Mesh\OpenGL_Course1\OpenGL_Course1\Debug\link.4424-cvtres.write.1.tlog
D:\Peefly\Digital Mesh\OpenGL_Course1\OpenGL_Course1\Debug\link.5964.read.1.tlog
D:\Peefly\Digital Mesh\OpenGL_Course1\OpenGL_Course1\Debug\link.5964.write.1.tlog
D:\Peefly\Digital Mesh\OpenGL_Course1\OpenGL_Course1\Debug\link.5964-cvtres.read.1.tlog
D:\Peefly\Digital Mesh\OpenGL_Course1\OpenGL_Course1\Debug\link.5964-cvtres.write.1.tlog
D:\Peefly\Digital Mesh\OpenGL_Course1\OpenGL_Course1\Debug\link.652.read.1.tlog
D:\Peefly\Digital Mesh\OpenGL_Course1\OpenGL_Course1\Debug\link.652.write.1.tlog
D:\Peefly\Digital Mesh\OpenGL_Course1\OpenGL_Course1\Debug\link.652-cvtres.read.1.tlog
D:\Peefly\Digital Mesh\OpenGL_Course1\OpenGL_Course1\Debug\link.652-cvtres.write.1.tlog
D:\Peefly\Digital Mesh\OpenGL_Course1\OpenGL_Course1\Debug\link.command.1.tlog
D:\Peefly\Digital Mesh\OpenGL_Course1\OpenGL_Course1\Debug\link.read.1.tlog
D:\Peefly\Digital Mesh\OpenGL_Course1\OpenGL_Course1\Debug\link.write.1.tlog
D:\Peefly\Digital Mesh\OpenGL_Course1\OpenGL_Course1\Debug\mt.command.1.tlog
D:\Peefly\Digital Mesh\OpenGL_Course1\OpenGL_Course1\Debug\mt.read.1.tlog
D:\Peefly\Digital Mesh\OpenGL_Course1\OpenGL_Course1\Debug\mt.write.1.tlog
D:\Peefly\Digital Mesh\OpenGL_Course1\OpenGL_Course1\Debug\OpenGL_Course1.exe.intermediate.manifest
D:\PEEFLY\DIGITAL MESH\OPENGL_COURSE1\OPENGL_COURSE1\DEBUG\OPENGL_COURSE1.FORM1.RESOURCES
D:\PEEFLY\DIGITAL MESH\OPENGL_COURSE1\OPENGL_COURSE1\DEBUG\OPENGL_COURSE1.OBJ
D:\PEEFLY\DIGITAL MESH\OPENGL_COURSE1\OPENGL_COURSE1\DEBUG\OPENGL_COURSE1.PCH
D:\Peefly\Digital Mesh\OpenGL_Course1\OpenGL_Course1\Debug\OpenGL_Course1.write.1.tlog
D:\Peefly\Digital Mesh\OpenGL_Course1\OpenGL_Course1\Debug\rc.command.1.tlog
D:\Peefly\Digital Mesh\OpenGL_Course1\OpenGL_Course1\Debug\rc.read.1.tlog
D:\Peefly\Digital Mesh\OpenGL_Course1\OpenGL_Course1\Debug\rc.write.1.tlog
D:\Peefly\Digital Mesh\OpenGL_Course1\OpenGL_Course1\Debug\ResolveAssemblyReference.cache
D:\PEEFLY\DIGITAL MESH\OPENGL_COURSE1\OPENGL_COURSE1\DEBUG\STDAFX.OBJ
D:\PEEFLY\DIGITAL MESH\OPENGL_COURSE1\OPENGL_COURSE1\DEBUG\VC100.PDB
