C:\WORKING_PRJ\DEPTH_PEELING\DEPTH_PEELING\RELEASE\.NETFRAMEWORK,VERSION=V4.0.ASSEMBLYATTRIBUTES.OBJ
C:\WORKING_PRJ\DEPTH_PEELING\DEPTH_PEELING\RELEASE\APP.RES
C:\WORKING_PRJ\DEPTH_PEELING\DEPTH_PEELING\RELEASE\ASSEMBLYINFO.OBJ
C:\Working_PRJ\Depth_Peeling\Depth_Peeling\Release\cl.command.1.tlog
C:\Working_PRJ\Depth_Peeling\Depth_Peeling\Release\CL.read.1.tlog
C:\Working_PRJ\Depth_Peeling\Depth_Peeling\Release\CL.write.1.tlog
C:\WORKING_PRJ\DEPTH_PEELING\DEPTH_PEELING\RELEASE\DEPTH_PEELING.EXE.INTERMEDIATE.MANIFEST
C:\WORKING_PRJ\DEPTH_PEELING\DEPTH_PEELING\RELEASE\DEPTH_PEELING.FORM1.RESOURCES
C:\WORKING_PRJ\DEPTH_PEELING\DEPTH_PEELING\RELEASE\DEPTH_PEELING.OBJ
C:\WORKING_PRJ\DEPTH_PEELING\DEPTH_PEELING\RELEASE\DEPTH_PEELING.PCH
C:\Working_PRJ\Depth_Peeling\Depth_Peeling\Release\Depth_Peeling.write.1.tlog
C:\WORKING_PRJ\DEPTH_PEELING\DEPTH_PEELING\RELEASE\DOTNETUITILITIES.OBJ
C:\WORKING_PRJ\DEPTH_PEELING\DEPTH_PEELING\RELEASE\DP.OBJ
C:\Working_PRJ\Depth_Peeling\Depth_Peeling\Release\GenerateResource.read.1.tlog
C:\Working_PRJ\Depth_Peeling\Depth_Peeling\Release\GenerateResource.read.105.tlog
C:\Working_PRJ\Depth_Peeling\Depth_Peeling\Release\GenerateResource.read.141.tlog
C:\Working_PRJ\Depth_Peeling\Depth_Peeling\Release\GenerateResource.read.30.tlog
C:\Working_PRJ\Depth_Peeling\Depth_Peeling\Release\GenerateResource.read.31.tlog
C:\Working_PRJ\Depth_Peeling\Depth_Peeling\Release\GenerateResource.read.42.tlog
C:\Working_PRJ\Depth_Peeling\Depth_Peeling\Release\GenerateResource.read.7.tlog
C:\Working_PRJ\Depth_Peeling\Depth_Peeling\Release\GenerateResource.read.79.tlog
C:\Working_PRJ\Depth_Peeling\Depth_Peeling\Release\GenerateResource.read.83.tlog
C:\Working_PRJ\Depth_Peeling\Depth_Peeling\Release\GenerateResource.read.87.tlog
C:\Working_PRJ\Depth_Peeling\Depth_Peeling\Release\GenerateResource.read.94.tlog
C:\Working_PRJ\Depth_Peeling\Depth_Peeling\Release\GenerateResource.write.1.tlog
C:\Working_PRJ\Depth_Peeling\Depth_Peeling\Release\GenerateResource.write.105.tlog
C:\Working_PRJ\Depth_Peeling\Depth_Peeling\Release\GenerateResource.write.141.tlog
C:\Working_PRJ\Depth_Peeling\Depth_Peeling\Release\GenerateResource.write.30.tlog
C:\Working_PRJ\Depth_Peeling\Depth_Peeling\Release\GenerateResource.write.31.tlog
C:\Working_PRJ\Depth_Peeling\Depth_Peeling\Release\GenerateResource.write.42.tlog
C:\Working_PRJ\Depth_Peeling\Depth_Peeling\Release\GenerateResource.write.7.tlog
C:\Working_PRJ\Depth_Peeling\Depth_Peeling\Release\GenerateResource.write.79.tlog
C:\Working_PRJ\Depth_Peeling\Depth_Peeling\Release\GenerateResource.write.83.tlog
C:\Working_PRJ\Depth_Peeling\Depth_Peeling\Release\GenerateResource.write.87.tlog
C:\Working_PRJ\Depth_Peeling\Depth_Peeling\Release\GenerateResource.write.94.tlog
C:\WORKING_PRJ\DEPTH_PEELING\DEPTH_PEELING\RELEASE\GLCAMERA.OBJ
C:\WORKING_PRJ\DEPTH_PEELING\DEPTH_PEELING\RELEASE\GUA_OM.OBJ
C:\Working_PRJ\Depth_Peeling\Depth_Peeling\Release\link.command.1.tlog
C:\Working_PRJ\Depth_Peeling\Depth_Peeling\Release\link.read.1.tlog
C:\Working_PRJ\Depth_Peeling\Depth_Peeling\Release\link.write.1.tlog
C:\Working_PRJ\Depth_Peeling\Depth_Peeling\Release\link-cvtres.read.1.tlog
C:\Working_PRJ\Depth_Peeling\Depth_Peeling\Release\link-cvtres.write.1.tlog
C:\Working_PRJ\Depth_Peeling\Depth_Peeling\Release\mt.command.1.tlog
C:\Working_PRJ\Depth_Peeling\Depth_Peeling\Release\mt.read.1.tlog
C:\Working_PRJ\Depth_Peeling\Depth_Peeling\Release\mt.write.1.tlog
C:\Working_PRJ\Depth_Peeling\Depth_Peeling\Release\rc.command.1.tlog
C:\Working_PRJ\Depth_Peeling\Depth_Peeling\Release\rc.read.1.tlog
C:\Working_PRJ\Depth_Peeling\Depth_Peeling\Release\rc.write.1.tlog
C:\Working_PRJ\Depth_Peeling\Depth_Peeling\Release\ResolveAssemblyReference.cache
C:\WORKING_PRJ\DEPTH_PEELING\DEPTH_PEELING\RELEASE\STDAFX.OBJ
C:\WORKING_PRJ\DEPTH_PEELING\DEPTH_PEELING\RELEASE\VC100.PDB
C:\WORKING_PRJ\DEPTH_PEELING\RELEASE\DEPTH_PEELING.EXE
C:\WORKING_PRJ\DEPTH_PEELING\RELEASE\DEPTH_PEELING.PDB
C:\Working_PRJ\Depth_Peeling\Release\HKOGLPanel.dll
