C:\MYLIB\OPENMESH2.0\CORE\RELEASE\.NETFRAMEWORK,VERSION=V4.0.ASSEMBLYATTRIBUTES.OBJ
C:\MYLIB\OPENMESH2.0\CORE\RELEASE\ARRAYKERNEL.OBJ
C:\MYLIB\OPENMESH2.0\CORE\RELEASE\BASEKERNEL.OBJ
C:\MYLIB\OPENMESH2.0\CORE\RELEASE\BASEPROPERTY.OBJ
C:\MYLIB\OPENMESH2.0\CORE\RELEASE\BASEREADER.OBJ
C:\MYLIB\OPENMESH2.0\CORE\RELEASE\BASEWRITER.OBJ
C:\MYLIB\OPENMESH2.0\CORE\RELEASE\BINARYHELPER.OBJ
C:\MyLib\OpenMesh2.0\Core\Release\cl.command.1.tlog
C:\MyLib\OpenMesh2.0\Core\Release\CL.read.1.tlog
C:\MyLib\OpenMesh2.0\Core\Release\CL.write.1.tlog
C:\MYLIB\OPENMESH2.0\CORE\RELEASE\ENDIAN.OBJ
C:\MYLIB\OPENMESH2.0\CORE\RELEASE\IOMANAGER.OBJ
C:\MyLib\OpenMesh2.0\Core\Release\lib.command.1.tlog
C:\MyLib\OpenMesh2.0\Core\Release\Lib-link.read.1.tlog
C:\MyLib\OpenMesh2.0\Core\Release\Lib-link.write.1.tlog
C:\MYLIB\OPENMESH2.0\CORE\RELEASE\OBJREADER.OBJ
C:\MYLIB\OPENMESH2.0\CORE\RELEASE\OBJWRITER.OBJ
C:\MYLIB\OPENMESH2.0\CORE\RELEASE\OFFREADER.OBJ
C:\MYLIB\OPENMESH2.0\CORE\RELEASE\OFFWRITER.OBJ
C:\MYLIB\OPENMESH2.0\CORE\RELEASE\OMFORMAT.OBJ
C:\MYLIB\OPENMESH2.0\CORE\RELEASE\OMREADER.OBJ
C:\MYLIB\OPENMESH2.0\CORE\RELEASE\OMSTREAM.OBJ
C:\MYLIB\OPENMESH2.0\CORE\RELEASE\OMWRITER.OBJ
C:\MYLIB\OPENMESH2.0\CORE\RELEASE\OPENMESH.LIB
C:\MYLIB\OPENMESH2.0\CORE\RELEASE\POLYCONNECTIVITY.OBJ
C:\MYLIB\OPENMESH2.0\CORE\RELEASE\POLYMESHT.OBJ
C:\MYLIB\OPENMESH2.0\CORE\RELEASE\SINGLETONT.OBJ
C:\MYLIB\OPENMESH2.0\CORE\RELEASE\STLREADER.OBJ
C:\MYLIB\OPENMESH2.0\CORE\RELEASE\STLWRITER.OBJ
C:\MYLIB\OPENMESH2.0\CORE\RELEASE\TEST1.OBJ
C:\MYLIB\OPENMESH2.0\CORE\RELEASE\TRICONNECTIVITY.OBJ
C:\MYLIB\OPENMESH2.0\CORE\RELEASE\TRIMESHT.OBJ
C:\MyLib\OpenMesh2.0\Core\Release\vc80.idb
