Build started 2011/10/18 下午 11:18:05.
     1>Project "D:\Peefly\Digital Mesh\OpenGL_Course1\OpenGL_Course1\OpenGL_Course1.vcxproj" on node 2 (build target(s)).
     1>InitializeBuildStatus:
         Creating "Release\OpenGL_Course1.unsuccessfulbuild" because "AlwaysCreate" was specified.
       GenerateTargetFrameworkMonikerAttribute:
       Skipping target "GenerateTargetFrameworkMonikerAttribute" because all output files are up-to-date with respect to the input files.
       ClCompile:
         All outputs are up-to-date.
         C:\Program Files (x86)\Microsoft Visual Studio 10.0\VC\bin\CL.exe /c /AI"C:\Program Files (x86)\Reference Assemblies\Microsoft\Framework\.NETFramework\v4.0" /Zi /clr /nologo /W3 /WX- /O2 /Oy- /D WIN32 /D NDEBUG /D _USE_MATH_DEFINES /D _UNICODE /D UNICODE /EHa /MD /GS /fp:precise /Zc:wchar_t /Zc:forScope /Yu"StdAfx.h" /Fp"Release\OpenGL_Course1.pch" /Fo"Release\\" /Fd"Release\vc100.pdb" /TP /FU"D:\Peefly\Digital Mesh\HKOGLPanel.dll" /FU"C:\Program Files (x86)\Reference Assemblies\Microsoft\Framework\.NETFramework\v4.0\System.Core.dll" /FU"C:\Program Files (x86)\Reference Assemblies\Microsoft\Framework\.NETFramework\v4.0\System.Data.dll" /FU"C:\Program Files (x86)\Reference Assemblies\Microsoft\Framework\.NETFramework\v4.0\System.dll" /FU"C:\Program Files (x86)\Reference Assemblies\Microsoft\Framework\.NETFramework\v4.0\System.Drawing.dll" /FU"C:\Program Files (x86)\Reference Assemblies\Microsoft\Framework\.NETFramework\v4.0\System.Windows.Forms.dll" /FU"C:\Program Files (x86)\Reference Assemblies\Microsoft\Framework\.NETFramework\v4.0\System.Xml.dll" /analyze- /errorReport:prompt OpenGL_Course1.cpp /clr:nostdlib 
         OpenGL_Course1.cpp
     1>d:\peefly\digital mesh\opengl_course1\opengl_course1\Form1.h(522): warning C4244: '=' : conversion from 'double' to 'float', possible loss of data
     1>d:\peefly\digital mesh\opengl_course1\opengl_course1\Form1.h(585): warning C4244: '=' : conversion from 'double' to 'float', possible loss of data
     1>d:\peefly\digital mesh\opengl_course1\opengl_course1\Form1.h(629): warning C4244: 'argument' : conversion from 'double' to 'float', possible loss of data
     1>d:\peefly\digital mesh\opengl_course1\opengl_course1\Form1.h(629): warning C4244: '=' : conversion from 'double' to 'float', possible loss of data
     1>d:\peefly\digital mesh\opengl_course1\opengl_course1\Form1.h(707): warning C4244: '=' : conversion from 'double' to 'float', possible loss of data
         All outputs are up-to-date.
       CoreResGen:
         "C:\Program Files (x86)\Microsoft SDKs\Windows\v7.0A\bin\NETFX 4.0 Tools\resgen.exe" /useSourcePath /r:"D:\Peefly\Digital Mesh\HKOGLPanel.dll" /r:"C:\Program Files (x86)\Reference Assemblies\Microsoft\Framework\.NETFramework\v4.0\System.Core.dll" /r:"C:\Program Files (x86)\Reference Assemblies\Microsoft\Framework\.NETFramework\v4.0\System.Data.dll" /r:"C:\Program Files (x86)\Reference Assemblies\Microsoft\Framework\.NETFramework\v4.0\System.dll" /r:"C:\Program Files (x86)\Reference Assemblies\Microsoft\Framework\.NETFramework\v4.0\System.Drawing.dll" /r:"C:\Program Files (x86)\Reference Assemblies\Microsoft\Framework\.NETFramework\v4.0\System.Windows.Forms.dll" /r:"C:\Program Files (x86)\Reference Assemblies\Microsoft\Framework\.NETFramework\v4.0\System.Xml.dll" /compile Form1.resX,Release\OpenGL_Course1.Form1.resources
         Processing resource file "Form1.resX" into "Release\OpenGL_Course1.Form1.resources".
       ResourceCompile:
         All outputs are up-to-date.
       Link:
         C:\Program Files (x86)\Microsoft Visual Studio 10.0\VC\bin\link.exe /ERRORREPORT:PROMPT /OUT:"D:\Peefly\Digital Mesh\OpenGL_Course1\Release\OpenGL_Course1.exe" /INCREMENTAL:NO /NOLOGO OpenMesh.lib glu32.lib OpenGL32.lib kernel32.lib user32.lib gdi32.lib winspool.lib comdlg32.lib advapi32.lib shell32.lib ole32.lib oleaut32.lib uuid.lib odbc32.lib odbccp32.lib /ASSEMBLYRESOURCE:Release\OpenGL_Course1.Form1.resources /MANIFEST /ManifestFile:"Release\OpenGL_Course1.exe.intermediate.manifest" /MANIFESTUAC:"level='asInvoker' uiAccess='false'" /DEBUG /PDB:"D:\Peefly\Digital Mesh\OpenGL_Course1\Release\OpenGL_Course1.pdb" /SUBSYSTEM:WINDOWS /TLBID:1 /ENTRY:"main" /DYNAMICBASE /FIXED:NO /NXCOMPAT /MACHINE:X86 Release\app.res
         Release\AssemblyInfo.obj
         Release\DotNetUitilities.obj
         Release\GLCamera.obj
         Release\GUA_OM.obj
         Release\OpenGL_Course1.obj
         Release\stdafx.obj
         "Release\.NETFramework,Version=v4.0.AssemblyAttributes.obj"
         OpenGL_Course1.vcxproj -> D:\Peefly\Digital Mesh\OpenGL_Course1\Release\OpenGL_Course1.exe
       Manifest:
         C:\Program Files (x86)\Microsoft SDKs\Windows\v7.0A\bin\mt.exe /nologo /verbose /outputresource:"D:\Peefly\Digital Mesh\OpenGL_Course1\Release\OpenGL_Course1.exe;#1" /manifest Release\OpenGL_Course1.exe.intermediate.manifest
       FinalizeBuildStatus:
         Deleting file "Release\OpenGL_Course1.unsuccessfulbuild".
         Touching "Release\OpenGL_Course1.lastbuildstate".
     1>Done Building Project "D:\Peefly\Digital Mesh\OpenGL_Course1\OpenGL_Course1\OpenGL_Course1.vcxproj" (build target(s)).

Build succeeded.

Time Elapsed 00:00:05.40
