Build started 2011/12/6 上午 01:06:27.
     1>Project "D:\DigitalMesh\hw\Depth_Peeling\Depth_Peeling\Depth_Peeling.vcxproj" on node 2 (build target(s)).
     1>InitializeBuildStatus:
         Creating "Release-PeeflyPC\Depth_Peeling.unsuccessfulbuild" because "AlwaysCreate" was specified.
       GenerateTargetFrameworkMonikerAttribute:
       Skipping target "GenerateTargetFrameworkMonikerAttribute" because all output files are up-to-date with respect to the input files.
     1>C:\Program Files (x86)\MSBuild\Microsoft.Cpp\v4.0\Microsoft.MetaGen.targets(91,5): warning : Required file "D:\PEEFLY\GRADUATE\DIGITAL MESH\HKOGLPANEL.DLL" is missing.
         The previous error was converted to a warning because the task was called with ContinueOnError=true.
     1>C:\Program Files (x86)\MSBuild\Microsoft.Cpp\v4.0\Microsoft.MetaGen.targets(91,5): warning : Required file "D:\P\DIGITALMESH\HW\DEPTH_PEELING\RELEASE-PEEFLYPC\HKOGLPANEL.DLL" is missing.
         The previous error was converted to a warning because the task was called with ContinueOnError=true.
     1>C:\Program Files (x86)\MSBuild\Microsoft.Cpp\v4.0\Microsoft.MetaGen.targets(91,5): warning : Required file "D:\PEEFLY\DIGITAL MESH\HKOGLPANEL.DLL" is missing.
         The previous error was converted to a warning because the task was called with ContinueOnError=true.
     1>C:\Program Files (x86)\MSBuild\Microsoft.Cpp\v4.0\Microsoft.MetaGen.targets(91,5): warning : Required file "D:\PEEFLY\GRADUATE\DIGITAL MESH\HW\DEPTH_PEELING\RELEASE-PEEFLYPC\HKOGLPANEL.DLL" is missing.
         The previous error was converted to a warning because the task was called with ContinueOnError=true.
       ClCompile:
         All outputs are up-to-date.
         C:\Program Files (x86)\Microsoft Visual Studio 10.0\VC\bin\CL.exe /c /AI"C:\Program Files (x86)\Reference Assemblies\Microsoft\Framework\.NETFramework\v4.0" /Zi /clr /nologo /W3 /WX- /O2 /Oy- /D WIN32 /D NDEBUG /D _USE_MATH_DEFINES /D _UNICODE /D UNICODE /EHa /MD /GS /fp:precise /Zc:wchar_t /Zc:forScope /Yu"StdAfx.h" /Fp"Release-PeeflyPC\Depth_Peeling.pch" /Fo"Release-PeeflyPC\\" /Fd"Release-PeeflyPC\vc100.pdb" /TP /FU"D:\DigitalMesh\hw\Depth_Peeling\Release-PeeflyPC\HKOGLPanel.dll" /FU"C:\Program Files (x86)\Reference Assemblies\Microsoft\Framework\.NETFramework\v4.0\Microsoft.VisualC.dll" /FU"C:\Program Files (x86)\Reference Assemblies\Microsoft\Framework\.NETFramework\v4.0\System.Core.dll" /FU"C:\Program Files (x86)\Reference Assemblies\Microsoft\Framework\.NETFramework\v4.0\System.Data.dll" /FU"C:\Program Files (x86)\Reference Assemblies\Microsoft\Framework\.NETFramework\v4.0\System.Design.dll" /FU"C:\Program Files (x86)\Reference Assemblies\Microsoft\Framework\.NETFramework\v4.0\System.dll" /FU"C:\Program Files (x86)\Reference Assemblies\Microsoft\Framework\.NETFramework\v4.0\System.Drawing.dll" /FU"C:\Program Files (x86)\Reference Assemblies\Microsoft\Framework\.NETFramework\v4.0\System.Windows.Forms.dll" /FU"C:\Program Files (x86)\Reference Assemblies\Microsoft\Framework\.NETFramework\v4.0\System.Xml.dll" /analyze- /errorReport:prompt Depth_Peeling.cpp /clr:nostdlib 
         Depth_Peeling.cpp
     1>d:\digitalmesh\hw\depth_peeling\depth_peeling\Form1.h(619): warning C4244: '=' : conversion from 'double' to 'float', possible loss of data
         All outputs are up-to-date.
       ManagedIncrementalBuildPostProcessDependencyGraph:
         To improve incremental build performance for managed components, please make sure that the 'VC++ Directories->Reference Directories' points to all the paths which contain the referenced managed assemblies.
         Could not load file or assembly 'file:///J:\MICROSOFT VISUAL STUDIO 10.0\VC\BIN\1033\CLUI.DLL' or one of its dependencies. 系統找不到指定的檔案。
         To improve incremental build performance for managed components, please make sure that the 'VC++ Directories->Reference Directories' points to all the paths which contain the referenced managed assemblies.
         Could not load file or assembly 'file:///J:\MICROSOFT VISUAL STUDIO 10.0\COMMON7\IDE\MSPDBSRV.EXE' or one of its dependencies. 系統找不到指定的檔案。
         To improve incremental build performance for managed components, please make sure that the 'VC++ Directories->Reference Directories' points to all the paths which contain the referenced managed assemblies.
         Could not load file or assembly 'file:///D:\MICROSOFT VISUAL STUDIO 10.0\VC\BIN\1033\CLUI.DLL' or one of its dependencies. 系統找不到指定的檔案。
         To improve incremental build performance for managed components, please make sure that the 'VC++ Directories->Reference Directories' points to all the paths which contain the referenced managed assemblies.
         Could not load file or assembly 'file:///D:\MICROSOFT VISUAL STUDIO 10.0\COMMON7\IDE\MSPDBSRV.EXE' or one of its dependencies. 系統找不到指定的檔案。
         To improve incremental build performance for managed components, please make sure that the 'VC++ Directories->Reference Directories' points to all the paths which contain the referenced managed assemblies.
         Could not load file or assembly 'file:///C:\PROGRAM FILES\REFERENCE ASSEMBLIES\MICROSOFT\FRAMEWORK\.NETFRAMEWORK\V4.0\MSCORLIB.DLL' or one of its dependencies. 系統找不到指定的檔案。
         To improve incremental build performance for managed components, please make sure that the 'VC++ Directories->Reference Directories' points to all the paths which contain the referenced managed assemblies.
         Could not load file or assembly 'file:///C:\PROGRAM FILES\REFERENCE ASSEMBLIES\MICROSOFT\FRAMEWORK\.NETFRAMEWORK\V4.0\MICROSOFT.VISUALC.DLL' or one of its dependencies. 系統找不到指定的檔案。
         To improve incremental build performance for managed components, please make sure that the 'VC++ Directories->Reference Directories' points to all the paths which contain the referenced managed assemblies.
         Could not load file or assembly 'file:///C:\PROGRAM FILES\REFERENCE ASSEMBLIES\MICROSOFT\FRAMEWORK\.NETFRAMEWORK\V4.0\SYSTEM.CORE.DLL' or one of its dependencies. 系統找不到指定的檔案。
         To improve incremental build performance for managed components, please make sure that the 'VC++ Directories->Reference Directories' points to all the paths which contain the referenced managed assemblies.
         Could not load file or assembly 'file:///C:\PROGRAM FILES\REFERENCE ASSEMBLIES\MICROSOFT\FRAMEWORK\.NETFRAMEWORK\V4.0\SYSTEM.DATA.DLL' or one of its dependencies. 系統找不到指定的檔案。
         To improve incremental build performance for managed components, please make sure that the 'VC++ Directories->Reference Directories' points to all the paths which contain the referenced managed assemblies.
         Could not load file or assembly 'file:///C:\PROGRAM FILES\REFERENCE ASSEMBLIES\MICROSOFT\FRAMEWORK\.NETFRAMEWORK\V4.0\SYSTEM.DESIGN.DLL' or one of its dependencies. 系統找不到指定的檔案。
         To improve incremental build performance for managed components, please make sure that the 'VC++ Directories->Reference Directories' points to all the paths which contain the referenced managed assemblies.
         Could not load file or assembly 'file:///C:\PROGRAM FILES\REFERENCE ASSEMBLIES\MICROSOFT\FRAMEWORK\.NETFRAMEWORK\V4.0\SYSTEM.DLL' or one of its dependencies. 系統找不到指定的檔案。
         To improve incremental build performance for managed components, please make sure that the 'VC++ Directories->Reference Directories' points to all the paths which contain the referenced managed assemblies.
         Could not load file or assembly 'file:///C:\PROGRAM FILES\REFERENCE ASSEMBLIES\MICROSOFT\FRAMEWORK\.NETFRAMEWORK\V4.0\SYSTEM.DRAWING.DLL' or one of its dependencies. 系統找不到指定的檔案。
         To improve incremental build performance for managed components, please make sure that the 'VC++ Directories->Reference Directories' points to all the paths which contain the referenced managed assemblies.
         Could not load file or assembly 'file:///C:\PROGRAM FILES\REFERENCE ASSEMBLIES\MICROSOFT\FRAMEWORK\.NETFRAMEWORK\V4.0\SYSTEM.WINDOWS.FORMS.DLL' or one of its dependencies. 系統找不到指定的檔案。
         To improve incremental build performance for managed components, please make sure that the 'VC++ Directories->Reference Directories' points to all the paths which contain the referenced managed assemblies.
         Could not load file or assembly 'file:///C:\PROGRAM FILES\REFERENCE ASSEMBLIES\MICROSOFT\FRAMEWORK\.NETFRAMEWORK\V4.0\SYSTEM.XML.DLL' or one of its dependencies. 系統找不到指定的檔案。
       CoreResGen:
         All outputs are up-to-date.
       ResourceCompile:
         All outputs are up-to-date.
       Link:
         C:\Program Files (x86)\Microsoft Visual Studio 10.0\VC\bin\link.exe /ERRORREPORT:PROMPT /OUT:"D:\DigitalMesh\hw\Depth_Peeling\Release-PeeflyPC\Depth_Peeling.exe" /INCREMENTAL:NO /NOLOGO OpenMesh.lib GLU32.lib OpenGL32.lib kernel32.lib user32.lib gdi32.lib winspool.lib comdlg32.lib advapi32.lib shell32.lib ole32.lib oleaut32.lib uuid.lib odbc32.lib odbccp32.lib /ASSEMBLYRESOURCE:"Release-PeeflyPC\Depth_Peeling.Form1.resources" /MANIFEST /ManifestFile:"Release-PeeflyPC\Depth_Peeling.exe.intermediate.manifest" /MANIFESTUAC:"level='asInvoker' uiAccess='false'" /DEBUG /PDB:"D:\DigitalMesh\hw\Depth_Peeling\Release-PeeflyPC\Depth_Peeling.pdb" /SUBSYSTEM:WINDOWS /TLBID:1 /ENTRY:"main" /DYNAMICBASE /FIXED:NO /NXCOMPAT /MACHINE:X86 "Release-PeeflyPC\app.res"
         "Release-PeeflyPC\AssemblyInfo.obj"
         "Release-PeeflyPC\Depth_Peeling.obj"
         "Release-PeeflyPC\DotNetUitilities.obj"
         "Release-PeeflyPC\DP.obj"
         "Release-PeeflyPC\GLCamera.obj"
         "Release-PeeflyPC\GUA_OM.obj"
         "Release-PeeflyPC\stdafx.obj"
         "Release-PeeflyPC\.NETFramework,Version=v4.0.AssemblyAttributes.obj"
         Depth_Peeling.vcxproj -> D:\DigitalMesh\hw\Depth_Peeling\Release-PeeflyPC\Depth_Peeling.exe
       Manifest:
         C:\Program Files (x86)\Microsoft SDKs\Windows\v7.0A\bin\mt.exe /nologo /verbose /outputresource:"D:\DigitalMesh\hw\Depth_Peeling\Release-PeeflyPC\Depth_Peeling.exe;#1" /manifest "Release-PeeflyPC\Depth_Peeling.exe.intermediate.manifest"
       FinalizeBuildStatus:
         Deleting file "Release-PeeflyPC\Depth_Peeling.unsuccessfulbuild".
         Touching "Release-PeeflyPC\Depth_Peeling.lastbuildstate".
     1>Done Building Project "D:\DigitalMesh\hw\Depth_Peeling\Depth_Peeling\Depth_Peeling.vcxproj" (build target(s)).

Build succeeded.

Time Elapsed 00:00:05.05
