D:\PEEFLY\GRADUATE\DIGITAL MESH\HW\DEPTH_PEELING\DEPTH_PEELING\RELEASE-PEEFLYPC\.NETFRAMEWORK,VERSION=V4.0.ASSEMBLYATTRIBUTES.OBJ
D:\PEEFLY\GRADUATE\DIGITAL MESH\HW\DEPTH_PEELING\DEPTH_PEELING\RELEASE-PEEFLYPC\APP.RES
D:\PEEFLY\GRADUATE\DIGITAL MESH\HW\DEPTH_PEELING\DEPTH_PEELING\RELEASE-PEEFLYPC\ASSEMBLYINFO.OBJ
D:\Peefly\Graduate\Digital Mesh\hw\Depth_Peeling\Depth_Peeling\Release-PeeflyPC\cl.command.1.tlog
D:\Peefly\Graduate\Digital Mesh\hw\Depth_Peeling\Depth_Peeling\Release-PeeflyPC\CL.read.1.tlog
D:\Peefly\Graduate\Digital Mesh\hw\Depth_Peeling\Depth_Peeling\Release-PeeflyPC\CL.write.1.tlog
D:\PEEFLY\GRADUATE\DIGITAL MESH\HW\DEPTH_PEELING\DEPTH_PEELING\RELEASE-PEEFLYPC\DEPTH_PEELING.EXE.INTERMEDIATE.MANIFEST
D:\PEEFLY\GRADUATE\DIGITAL MESH\HW\DEPTH_PEELING\DEPTH_PEELING\RELEASE-PEEFLYPC\DEPTH_PEELING.FORM1.RESOURCES
D:\PEEFLY\GRADUATE\DIGITAL MESH\HW\DEPTH_PEELING\DEPTH_PEELING\RELEASE-PEEFLYPC\DEPTH_PEELING.OBJ
D:\PEEFLY\GRADUATE\DIGITAL MESH\HW\DEPTH_PEELING\DEPTH_PEELING\RELEASE-PEEFLYPC\DEPTH_PEELING.PCH
D:\Peefly\Graduate\Digital Mesh\hw\Depth_Peeling\Depth_Peeling\Release-PeeflyPC\Depth_Peeling.write.1.tlog
D:\PEEFLY\GRADUATE\DIGITAL MESH\HW\DEPTH_PEELING\DEPTH_PEELING\RELEASE-PEEFLYPC\DOTNETUITILITIES.OBJ
D:\PEEFLY\GRADUATE\DIGITAL MESH\HW\DEPTH_PEELING\DEPTH_PEELING\RELEASE-PEEFLYPC\DP.OBJ
D:\Peefly\Graduate\Digital Mesh\hw\Depth_Peeling\Depth_Peeling\Release-PeeflyPC\GenerateResource.read.1.tlog
D:\Peefly\Graduate\Digital Mesh\hw\Depth_Peeling\Depth_Peeling\Release-PeeflyPC\GenerateResource.write.1.tlog
D:\PEEFLY\GRADUATE\DIGITAL MESH\HW\DEPTH_PEELING\DEPTH_PEELING\RELEASE-PEEFLYPC\GLCAMERA.OBJ
D:\PEEFLY\GRADUATE\DIGITAL MESH\HW\DEPTH_PEELING\DEPTH_PEELING\RELEASE-PEEFLYPC\GUA_OM.OBJ
D:\Peefly\Graduate\Digital Mesh\hw\Depth_Peeling\Depth_Peeling\Release-PeeflyPC\link.command.1.tlog
D:\Peefly\Graduate\Digital Mesh\hw\Depth_Peeling\Depth_Peeling\Release-PeeflyPC\link.read.1.tlog
D:\Peefly\Graduate\Digital Mesh\hw\Depth_Peeling\Depth_Peeling\Release-PeeflyPC\link.write.1.tlog
D:\Peefly\Graduate\Digital Mesh\hw\Depth_Peeling\Depth_Peeling\Release-PeeflyPC\link-cvtres.read.1.tlog
D:\Peefly\Graduate\Digital Mesh\hw\Depth_Peeling\Depth_Peeling\Release-PeeflyPC\link-cvtres.write.1.tlog
D:\Peefly\Graduate\Digital Mesh\hw\Depth_Peeling\Depth_Peeling\Release-PeeflyPC\mt.command.1.tlog
D:\Peefly\Graduate\Digital Mesh\hw\Depth_Peeling\Depth_Peeling\Release-PeeflyPC\mt.read.1.tlog
D:\Peefly\Graduate\Digital Mesh\hw\Depth_Peeling\Depth_Peeling\Release-PeeflyPC\mt.write.1.tlog
D:\Peefly\Graduate\Digital Mesh\hw\Depth_Peeling\Depth_Peeling\Release-PeeflyPC\rc.command.1.tlog
D:\Peefly\Graduate\Digital Mesh\hw\Depth_Peeling\Depth_Peeling\Release-PeeflyPC\rc.read.1.tlog
D:\Peefly\Graduate\Digital Mesh\hw\Depth_Peeling\Depth_Peeling\Release-PeeflyPC\rc.write.1.tlog
D:\Peefly\Graduate\Digital Mesh\hw\Depth_Peeling\Depth_Peeling\Release-PeeflyPC\ResolveAssemblyReference.cache
D:\PEEFLY\GRADUATE\DIGITAL MESH\HW\DEPTH_PEELING\DEPTH_PEELING\RELEASE-PEEFLYPC\STDAFX.OBJ
D:\PEEFLY\GRADUATE\DIGITAL MESH\HW\DEPTH_PEELING\DEPTH_PEELING\RELEASE-PEEFLYPC\VC100.PDB
D:\PEEFLY\GRADUATE\DIGITAL MESH\HW\DEPTH_PEELING\RELEASE-PEEFLYPC\DEPTH_PEELING.EXE
D:\PEEFLY\GRADUATE\DIGITAL MESH\HW\DEPTH_PEELING\RELEASE-PEEFLYPC\DEPTH_PEELING.PDB
D:\Peefly\Graduate\Digital Mesh\hw\Depth_Peeling\Release-PeeflyPC\HKOGLPanel.dll
