Build started 2011/11/28 下午 05:44:35.
     1>Project "D:\Peefly\Digital Mesh\hw\Depth_Peeling\Depth_Peeling\Depth_Peeling.vcxproj" on node 2 (build target(s)).
     1>InitializeBuildStatus:
         Creating "Release-PeeflyPC\Depth_Peeling.unsuccessfulbuild" because "AlwaysCreate" was specified.
       GenerateTargetFrameworkMonikerAttribute:
       Skipping target "GenerateTargetFrameworkMonikerAttribute" because all output files are up-to-date with respect to the input files.
       ClCompile:
         All outputs are up-to-date.
         All outputs are up-to-date.
         All outputs are up-to-date.
       CoreResGen:
         All outputs are up-to-date.
       ResourceCompile:
         All outputs are up-to-date.
       Link:
         All outputs are up-to-date.
         Depth_Peeling.vcxproj -> D:\Peefly\Digital Mesh\hw\Depth_Peeling\Release-PeeflyPC\Depth_Peeling.exe
       FinalizeBuildStatus:
         Deleting file "Release-PeeflyPC\Depth_Peeling.unsuccessfulbuild".
         Touching "Release-PeeflyPC\Depth_Peeling.lastbuildstate".
     1>Done Building Project "D:\Peefly\Digital Mesh\hw\Depth_Peeling\Depth_Peeling\Depth_Peeling.vcxproj" (build target(s)).

Build succeeded.

Time Elapsed 00:00:00.11
