C:\GL_LIB\OpenMesh1.9.4\Tools\Debug\cl.command.1.tlog
C:\GL_LIB\OpenMesh1.9.4\Tools\Debug\CL.read.1.tlog
C:\GL_LIB\OpenMesh1.9.4\Tools\Debug\CL.write.1.tlog
C:\GL_LIB\OPENMESH1.9.4\TOOLS\DEBUG\CONIO.OBJ
C:\GL_LIB\OPENMESH1.9.4\TOOLS\DEBUG\DECIMATERT.OBJ
C:\GL_LIB\OPENMESH1.9.4\TOOLS\DEBUG\GETOPT.OBJ
C:\GL_LIB\OPENMESH1.9.4\TOOLS\DEBUG\GNUPLOT.OBJ
C:\GL_LIB\OPENMESH1.9.4\TOOLS\DEBUG\JACOBILAPLACESMOOTHERT.OBJ
C:\GL_LIB\OPENMESH1.9.4\TOOLS\DEBUG\LAPLACESMOOTHERT.OBJ
C:\GL_LIB\OpenMesh1.9.4\Tools\Debug\lib.command.1.tlog
C:\GL_LIB\OpenMesh1.9.4\Tools\Debug\Lib-link.read.1.tlog
C:\GL_LIB\OpenMesh1.9.4\Tools\Debug\Lib-link.write.1.tlog
C:\GL_LIB\OPENMESH1.9.4\TOOLS\DEBUG\MESHCHECKERT.OBJ
C:\GL_LIB\OPENMESH1.9.4\TOOLS\DEBUG\MODPROGMESHT.OBJ
C:\GL_LIB\OPENMESH1.9.4\TOOLS\DEBUG\MODQUADRICT.OBJ
C:\GL_LIB\OpenMesh1.9.4\Tools\Debug\OpenMesh_Tools.write.1.tlog
C:\GL_LIB\OpenMesh1.9.4\Tools\Debug\ResolveAssemblyReference.cache
C:\GL_LIB\OPENMESH1.9.4\TOOLS\DEBUG\SMOOTHERT.OBJ
C:\GL_LIB\OPENMESH1.9.4\TOOLS\DEBUG\STRIPIFIERT.OBJ
C:\GL_LIB\OPENMESH1.9.4\TOOLS\DEBUG\TEST1.OBJ
C:\GL_LIB\OPENMESH1.9.4\TOOLS\DEBUG\TIMER.OBJ
C:\GL_LIB\OPENMESH1.9.4\TOOLS\DEBUG\TOOLS.LIB
C:\GL_LIB\OpenMesh1.9.4\Tools\Debug\vc100.idb
C:\GL_LIB\OPENMESH1.9.4\TOOLS\DEBUG\VC100.PDB
