Build started 2011/11/16 下午 05:37:10.
     1>Project "D:\Peefly\Digital Mesh\Depth_Peeling\Depth_Peeling\Depth_Peeling.vcxproj" on node 2 (build target(s)).
     1>InitializeBuildStatus:
         Touching "Release\Depth_Peeling.unsuccessfulbuild".
       GenerateTargetFrameworkMonikerAttribute:
       Skipping target "GenerateTargetFrameworkMonikerAttribute" because all output files are up-to-date with respect to the input files.
       ClCompile:
         All outputs are up-to-date.
         C:\Program Files (x86)\Microsoft Visual Studio 10.0\VC\bin\CL.exe /c /AI"C:\Program Files (x86)\Reference Assemblies\Microsoft\Framework\.NETFramework\v4.0" /Zi /clr /nologo /W3 /WX- /O2 /Oy- /D WIN32 /D NDEBUG /D _USE_MATH_DEFINES /D _UNICODE /D UNICODE /EHa /MD /GS /fp:precise /Zc:wchar_t /Zc:forScope /Yu"StdAfx.h" /Fp"Release\Depth_Peeling.pch" /Fo"Release\\" /Fd"Release\vc100.pdb" /TP /FU"D:\Peefly\Digital Mesh\HKOGLPanel.dll" /FU"C:\Program Files (x86)\Reference Assemblies\Microsoft\Framework\.NETFramework\v4.0\Microsoft.VisualC.dll" /FU"C:\Program Files (x86)\Reference Assemblies\Microsoft\Framework\.NETFramework\v4.0\System.Core.dll" /FU"C:\Program Files (x86)\Reference Assemblies\Microsoft\Framework\.NETFramework\v4.0\System.Data.dll" /FU"C:\Program Files (x86)\Reference Assemblies\Microsoft\Framework\.NETFramework\v4.0\System.Design.dll" /FU"C:\Program Files (x86)\Reference Assemblies\Microsoft\Framework\.NETFramework\v4.0\System.dll" /FU"C:\Program Files (x86)\Reference Assemblies\Microsoft\Framework\.NETFramework\v4.0\System.Drawing.dll" /FU"C:\Program Files (x86)\Reference Assemblies\Microsoft\Framework\.NETFramework\v4.0\System.Windows.Forms.dll" /FU"C:\Program Files (x86)\Reference Assemblies\Microsoft\Framework\.NETFramework\v4.0\System.Xml.dll" /analyze- /errorReport:prompt Depth_Peeling.cpp /clr:nostdlib 
         Depth_Peeling.cpp
         C:\Program Files (x86)\Microsoft Visual Studio 10.0\VC\bin\CL.exe /c /Zi /clr /nologo /W3 /WX- /O2 /Oy- /D WIN32 /D NDEBUG /D _USE_MATH_DEFINES /D _UNICODE /D UNICODE /EHa /MD /GS /fp:precise /Zc:wchar_t /Zc:forScope /Fo"Release\\" /Fd"Release\vc100.pdb" /TP /analyze- /errorReport:prompt "C:\Users\graphics\AppData\Local\Temp\.NETFramework,Version=v4.0.AssemblyAttributes.cpp"
         .NETFramework,Version=v4.0.AssemblyAttributes.cpp
       CoreResGen:
         "C:\Program Files (x86)\Microsoft SDKs\Windows\v7.0A\bin\NETFX 4.0 Tools\resgen.exe" /useSourcePath /r:"D:\Peefly\Digital Mesh\HKOGLPanel.dll" /r:"C:\Program Files (x86)\Reference Assemblies\Microsoft\Framework\.NETFramework\v4.0\Microsoft.VisualC.dll" /r:"C:\Program Files (x86)\Reference Assemblies\Microsoft\Framework\.NETFramework\v4.0\System.Core.dll" /r:"C:\Program Files (x86)\Reference Assemblies\Microsoft\Framework\.NETFramework\v4.0\System.Data.dll" /r:"C:\Program Files (x86)\Reference Assemblies\Microsoft\Framework\.NETFramework\v4.0\System.Design.dll" /r:"C:\Program Files (x86)\Reference Assemblies\Microsoft\Framework\.NETFramework\v4.0\System.dll" /r:"C:\Program Files (x86)\Reference Assemblies\Microsoft\Framework\.NETFramework\v4.0\System.Drawing.dll" /r:"C:\Program Files (x86)\Reference Assemblies\Microsoft\Framework\.NETFramework\v4.0\System.Windows.Forms.dll" /r:"C:\Program Files (x86)\Reference Assemblies\Microsoft\Framework\.NETFramework\v4.0\System.Xml.dll" /compile Form1.resX,Release\Depth_Peeling.Form1.resources
         Processing resource file "Form1.resX" into "Release\Depth_Peeling.Form1.resources".
       ResourceCompile:
         C:\Program Files (x86)\Microsoft SDKs\Windows\v7.0A\bin\rc.exe /D _UNICODE /D UNICODE /l"0x0409" /nologo /fo"Release\app.res" app.rc 
       Link:
         C:\Program Files (x86)\Microsoft Visual Studio 10.0\VC\bin\link.exe /ERRORREPORT:PROMPT /OUT:"D:\Peefly\Digital Mesh\Depth_Peeling\Release\Depth_Peeling.exe" /INCREMENTAL:NO /NOLOGO OpenMesh.lib GLU32.lib OpenGL32.lib kernel32.lib user32.lib gdi32.lib winspool.lib comdlg32.lib advapi32.lib shell32.lib ole32.lib oleaut32.lib uuid.lib odbc32.lib odbccp32.lib /ASSEMBLYRESOURCE:Release\Depth_Peeling.Form1.resources /MANIFEST /ManifestFile:"Release\Depth_Peeling.exe.intermediate.manifest" /MANIFESTUAC:"level='asInvoker' uiAccess='false'" /DEBUG /PDB:"D:\Peefly\Digital Mesh\Depth_Peeling\Release\Depth_Peeling.pdb" /SUBSYSTEM:WINDOWS /TLBID:1 /ENTRY:"main" /DYNAMICBASE /FIXED:NO /NXCOMPAT /MACHINE:X86 Release\app.res
         Release\AssemblyInfo.obj
         Release\Depth_Peeling.obj
         Release\DotNetUitilities.obj
         Release\DP.obj
         Release\GLCamera.obj
         Release\GUA_OM.obj
         Release\stdafx.obj
         "Release\.NETFramework,Version=v4.0.AssemblyAttributes.obj"
         Depth_Peeling.vcxproj -> D:\Peefly\Digital Mesh\Depth_Peeling\Release\Depth_Peeling.exe
       Manifest:
         C:\Program Files (x86)\Microsoft SDKs\Windows\v7.0A\bin\mt.exe /nologo /verbose /outputresource:"D:\Peefly\Digital Mesh\Depth_Peeling\Release\Depth_Peeling.exe;#1" /manifest Release\Depth_Peeling.exe.intermediate.manifest
       _CopyFilesMarkedCopyLocal:
         Copying file from "D:\Peefly\Digital Mesh\HKOGLPanel.dll" to "D:\Peefly\Digital Mesh\Depth_Peeling\Release\HKOGLPanel.dll".
       FinalizeBuildStatus:
         Deleting file "Release\Depth_Peeling.unsuccessfulbuild".
         Touching "Release\Depth_Peeling.lastbuildstate".
     1>Done Building Project "D:\Peefly\Digital Mesh\Depth_Peeling\Depth_Peeling\Depth_Peeling.vcxproj" (build target(s)).

Build succeeded.

Time Elapsed 00:00:08.09
