C:\GL_LIB\OpenMesh1.9.4\Apps\Decimating\Debug\cl.command.1.tlog
C:\GL_LIB\OpenMesh1.9.4\Apps\Decimating\Debug\CL.read.1.tlog
C:\GL_LIB\OpenMesh1.9.4\Apps\Decimating\Debug\CL.write.1.tlog
C:\GL_LIB\OPENMESH1.9.4\APPS\DECIMATING\DEBUG\DECIMATER.OBJ
C:\GL_LIB\OPENMESH1.9.4\APPS\DECIMATING\DEBUG\DECIMATING.EXE
C:\GL_LIB\OPENMESH1.9.4\APPS\DECIMATING\DEBUG\DECIMATING.ILK
C:\GL_LIB\OPENMESH1.9.4\APPS\DECIMATING\DEBUG\DECIMATING.PDB
C:\GL_LIB\OpenMesh1.9.4\Apps\Decimating\Debug\link.6172.read.1.tlog
C:\GL_LIB\OpenMesh1.9.4\Apps\Decimating\Debug\link.6172.write.1.tlog
C:\GL_LIB\OpenMesh1.9.4\Apps\Decimating\Debug\link.6172-cvtres.read.1.tlog
C:\GL_LIB\OpenMesh1.9.4\Apps\Decimating\Debug\link.6172-cvtres.write.1.tlog
C:\GL_LIB\OpenMesh1.9.4\Apps\Decimating\Debug\link.command.1.tlog
C:\GL_LIB\OpenMesh1.9.4\Apps\Decimating\Debug\link.read.1.tlog
C:\GL_LIB\OpenMesh1.9.4\Apps\Decimating\Debug\link.write.1.tlog
C:\GL_LIB\OpenMesh1.9.4\Apps\Decimating\Debug\link-cvtres.read.1.tlog
C:\GL_LIB\OpenMesh1.9.4\Apps\Decimating\Debug\link-cvtres.write.1.tlog
C:\GL_LIB\OpenMesh1.9.4\Apps\Decimating\Debug\mt.command.1.tlog
C:\GL_LIB\OpenMesh1.9.4\Apps\Decimating\Debug\mt.read.1.tlog
C:\GL_LIB\OpenMesh1.9.4\Apps\Decimating\Debug\mt.write.1.tlog
C:\GL_LIB\OPENMESH1.9.4\APPS\DECIMATING\DEBUG\OPENMESH_APPS_DECIMATING.EXE.EMBED.MANIFEST
C:\GL_LIB\OPENMESH1.9.4\APPS\DECIMATING\DEBUG\OPENMESH_APPS_DECIMATING.EXE.EMBED.MANIFEST.RES
C:\GL_LIB\OPENMESH1.9.4\APPS\DECIMATING\DEBUG\OPENMESH_APPS_DECIMATING.EXE.INTERMEDIATE.MANIFEST
C:\GL_LIB\OpenMesh1.9.4\Apps\Decimating\Debug\OpenMesh_Apps_Decimating.write.1.tlog
C:\GL_LIB\OpenMesh1.9.4\Apps\Decimating\Debug\OpenMesh_Apps_Decimating_manifest.rc
C:\GL_LIB\OpenMesh1.9.4\Apps\Decimating\Debug\rc.command.1.tlog
C:\GL_LIB\OpenMesh1.9.4\Apps\Decimating\Debug\rc.read.1.tlog
C:\GL_LIB\OpenMesh1.9.4\Apps\Decimating\Debug\rc.write.1.tlog
C:\GL_LIB\OpenMesh1.9.4\Apps\Decimating\Debug\ResolveAssemblyReference.cache
C:\GL_LIB\OPENMESH1.9.4\APPS\DECIMATING\DEBUG\TEST1.OBJ
C:\GL_LIB\OpenMesh1.9.4\Apps\Decimating\Debug\vc100.idb
C:\GL_LIB\OPENMESH1.9.4\APPS\DECIMATING\DEBUG\VC100.PDB
